

Started GET "/" for 177.98.219.36 at 2014-09-15 05:27:03 -0300

Mysql2::Error (Access denied for user 'root'@'localhost' (using password: NO)):
  mysql2 (0.3.16) lib/mysql2/client.rb:70:in `connect'
  mysql2 (0.3.16) lib/mysql2/client.rb:70:in `initialize'
  activerecord (4.0.2) lib/active_record/connection_adapters/mysql2_adapter.rb:18:in `new'
  activerecord (4.0.2) lib/active_record/connection_adapters/mysql2_adapter.rb:18:in `mysql2_connection'
  activerecord (4.0.2) lib/active_record/connection_adapters/abstract/connection_pool.rb:440:in `new_connection'
  activerecord (4.0.2) lib/active_record/connection_adapters/abstract/connection_pool.rb:450:in `checkout_new_connection'
  activerecord (4.0.2) lib/active_record/connection_adapters/abstract/connection_pool.rb:421:in `acquire_connection'
  activerecord (4.0.2) lib/active_record/connection_adapters/abstract/connection_pool.rb:356:in `block in checkout'
  /usr/local/rvm/rubies/ruby-2.0.0-p353/lib/ruby/2.0.0/monitor.rb:211:in `mon_synchronize'
  activerecord (4.0.2) lib/active_record/connection_adapters/abstract/connection_pool.rb:355:in `checkout'
  activerecord (4.0.2) lib/active_record/connection_adapters/abstract/connection_pool.rb:265:in `block in connection'
  /usr/local/rvm/rubies/ruby-2.0.0-p353/lib/ruby/2.0.0/monitor.rb:211:in `mon_synchronize'
  activerecord (4.0.2) lib/active_record/connection_adapters/abstract/connection_pool.rb:264:in `connection'
  activerecord (4.0.2) lib/active_record/connection_adapters/abstract/connection_pool.rb:546:in `retrieve_connection'
  activerecord (4.0.2) lib/active_record/connection_handling.rb:79:in `retrieve_connection'
  activerecord (4.0.2) lib/active_record/connection_handling.rb:53:in `connection'
  activerecord (4.0.2) lib/active_record/query_cache.rb:51:in `restore_query_cache_settings'
  activerecord (4.0.2) lib/active_record/query_cache.rb:43:in `rescue in call'
  activerecord (4.0.2) lib/active_record/query_cache.rb:32:in `call'
  activerecord (4.0.2) lib/active_record/connection_adapters/abstract/connection_pool.rb:626:in `call'
  activerecord (4.0.2) lib/active_record/migration.rb:369:in `call'
  actionpack (4.0.2) lib/action_dispatch/middleware/callbacks.rb:29:in `block in call'
  activesupport (4.0.2) lib/active_support/callbacks.rb:373:in `_run__1885298024015957881__call__callbacks'
  activesupport (4.0.2) lib/active_support/callbacks.rb:80:in `run_callbacks'
  actionpack (4.0.2) lib/action_dispatch/middleware/callbacks.rb:27:in `call'
  actionpack (4.0.2) lib/action_dispatch/middleware/reloader.rb:64:in `call'
  actionpack (4.0.2) lib/action_dispatch/middleware/remote_ip.rb:76:in `call'
  actionpack (4.0.2) lib/action_dispatch/middleware/debug_exceptions.rb:17:in `call'
  actionpack (4.0.2) lib/action_dispatch/middleware/show_exceptions.rb:30:in `call'
  railties (4.0.2) lib/rails/rack/logger.rb:38:in `call_app'
  railties (4.0.2) lib/rails/rack/logger.rb:20:in `block in call'
  activesupport (4.0.2) lib/active_support/tagged_logging.rb:67:in `block in tagged'
  activesupport (4.0.2) lib/active_support/tagged_logging.rb:25:in `tagged'
  activesupport (4.0.2) lib/active_support/tagged_logging.rb:67:in `tagged'
  railties (4.0.2) lib/rails/rack/logger.rb:20:in `call'
  actionpack (4.0.2) lib/action_dispatch/middleware/request_id.rb:21:in `call'
  rack (1.5.2) lib/rack/methodoverride.rb:21:in `call'
  rack (1.5.2) lib/rack/runtime.rb:17:in `call'
  activesupport (4.0.2) lib/active_support/cache/strategy/local_cache.rb:83:in `call'
  rack (1.5.2) lib/rack/lock.rb:17:in `call'
  actionpack (4.0.2) lib/action_dispatch/middleware/static.rb:64:in `call'
  rack (1.5.2) lib/rack/sendfile.rb:112:in `call'
  railties (4.0.2) lib/rails/engine.rb:511:in `call'
  railties (4.0.2) lib/rails/application.rb:97:in `call'
  rack (1.5.2) lib/rack/lock.rb:17:in `call'
  rack (1.5.2) lib/rack/content_length.rb:14:in `call'
  rack (1.5.2) lib/rack/handler/webrick.rb:60:in `service'
  /usr/local/rvm/rubies/ruby-2.0.0-p353/lib/ruby/2.0.0/webrick/httpserver.rb:138:in `service'
  /usr/local/rvm/rubies/ruby-2.0.0-p353/lib/ruby/2.0.0/webrick/httpserver.rb:94:in `run'
  /usr/local/rvm/rubies/ruby-2.0.0-p353/lib/ruby/2.0.0/webrick/server.rb:295:in `block in start_thread'


  Rendered /usr/local/rvm/gems/ruby-2.0.0-p353/gems/actionpack-4.0.2/lib/action_dispatch/middleware/templates/rescues/_source.erb (1.2ms)
  Rendered /usr/local/rvm/gems/ruby-2.0.0-p353/gems/actionpack-4.0.2/lib/action_dispatch/middleware/templates/rescues/_trace.erb (47.6ms)
  Rendered /usr/local/rvm/gems/ruby-2.0.0-p353/gems/actionpack-4.0.2/lib/action_dispatch/middleware/templates/rescues/_request_and_response.erb (2.5ms)
  Rendered /usr/local/rvm/gems/ruby-2.0.0-p353/gems/actionpack-4.0.2/lib/action_dispatch/middleware/templates/rescues/diagnostics.erb within rescues/layout (78.9ms)


Started GET "/" for 177.98.219.36 at 2014-09-15 05:31:18 -0300

Mysql2::Error (Unknown database 'NvtroApp_development'):
  mysql2 (0.3.16) lib/mysql2/client.rb:70:in `connect'
  mysql2 (0.3.16) lib/mysql2/client.rb:70:in `initialize'
  activerecord (4.0.2) lib/active_record/connection_adapters/mysql2_adapter.rb:18:in `new'
  activerecord (4.0.2) lib/active_record/connection_adapters/mysql2_adapter.rb:18:in `mysql2_connection'
  activerecord (4.0.2) lib/active_record/connection_adapters/abstract/connection_pool.rb:440:in `new_connection'
  activerecord (4.0.2) lib/active_record/connection_adapters/abstract/connection_pool.rb:450:in `checkout_new_connection'
  activerecord (4.0.2) lib/active_record/connection_adapters/abstract/connection_pool.rb:421:in `acquire_connection'
  activerecord (4.0.2) lib/active_record/connection_adapters/abstract/connection_pool.rb:356:in `block in checkout'
  /usr/local/rvm/rubies/ruby-2.0.0-p353/lib/ruby/2.0.0/monitor.rb:211:in `mon_synchronize'
  activerecord (4.0.2) lib/active_record/connection_adapters/abstract/connection_pool.rb:355:in `checkout'
  activerecord (4.0.2) lib/active_record/connection_adapters/abstract/connection_pool.rb:265:in `block in connection'
  /usr/local/rvm/rubies/ruby-2.0.0-p353/lib/ruby/2.0.0/monitor.rb:211:in `mon_synchronize'
  activerecord (4.0.2) lib/active_record/connection_adapters/abstract/connection_pool.rb:264:in `connection'
  activerecord (4.0.2) lib/active_record/connection_adapters/abstract/connection_pool.rb:546:in `retrieve_connection'
  activerecord (4.0.2) lib/active_record/connection_handling.rb:79:in `retrieve_connection'
  activerecord (4.0.2) lib/active_record/connection_handling.rb:53:in `connection'
  activerecord (4.0.2) lib/active_record/query_cache.rb:51:in `restore_query_cache_settings'
  activerecord (4.0.2) lib/active_record/query_cache.rb:43:in `rescue in call'
  activerecord (4.0.2) lib/active_record/query_cache.rb:32:in `call'
  activerecord (4.0.2) lib/active_record/connection_adapters/abstract/connection_pool.rb:626:in `call'
  activerecord (4.0.2) lib/active_record/migration.rb:369:in `call'
  actionpack (4.0.2) lib/action_dispatch/middleware/callbacks.rb:29:in `block in call'
  activesupport (4.0.2) lib/active_support/callbacks.rb:373:in `_run__3487614251503911403__call__callbacks'
  activesupport (4.0.2) lib/active_support/callbacks.rb:80:in `run_callbacks'
  actionpack (4.0.2) lib/action_dispatch/middleware/callbacks.rb:27:in `call'
  actionpack (4.0.2) lib/action_dispatch/middleware/reloader.rb:64:in `call'
  actionpack (4.0.2) lib/action_dispatch/middleware/remote_ip.rb:76:in `call'
  actionpack (4.0.2) lib/action_dispatch/middleware/debug_exceptions.rb:17:in `call'
  actionpack (4.0.2) lib/action_dispatch/middleware/show_exceptions.rb:30:in `call'
  railties (4.0.2) lib/rails/rack/logger.rb:38:in `call_app'
  railties (4.0.2) lib/rails/rack/logger.rb:20:in `block in call'
  activesupport (4.0.2) lib/active_support/tagged_logging.rb:67:in `block in tagged'
  activesupport (4.0.2) lib/active_support/tagged_logging.rb:25:in `tagged'
  activesupport (4.0.2) lib/active_support/tagged_logging.rb:67:in `tagged'
  railties (4.0.2) lib/rails/rack/logger.rb:20:in `call'
  actionpack (4.0.2) lib/action_dispatch/middleware/request_id.rb:21:in `call'
  rack (1.5.2) lib/rack/methodoverride.rb:21:in `call'
  rack (1.5.2) lib/rack/runtime.rb:17:in `call'
  activesupport (4.0.2) lib/active_support/cache/strategy/local_cache.rb:83:in `call'
  rack (1.5.2) lib/rack/lock.rb:17:in `call'
  actionpack (4.0.2) lib/action_dispatch/middleware/static.rb:64:in `call'
  rack (1.5.2) lib/rack/sendfile.rb:112:in `call'
  railties (4.0.2) lib/rails/engine.rb:511:in `call'
  railties (4.0.2) lib/rails/application.rb:97:in `call'
  rack (1.5.2) lib/rack/lock.rb:17:in `call'
  rack (1.5.2) lib/rack/content_length.rb:14:in `call'
  rack (1.5.2) lib/rack/handler/webrick.rb:60:in `service'
  /usr/local/rvm/rubies/ruby-2.0.0-p353/lib/ruby/2.0.0/webrick/httpserver.rb:138:in `service'
  /usr/local/rvm/rubies/ruby-2.0.0-p353/lib/ruby/2.0.0/webrick/httpserver.rb:94:in `run'
  /usr/local/rvm/rubies/ruby-2.0.0-p353/lib/ruby/2.0.0/webrick/server.rb:295:in `block in start_thread'


  Rendered /usr/local/rvm/gems/ruby-2.0.0-p353/gems/actionpack-4.0.2/lib/action_dispatch/middleware/templates/rescues/_source.erb (0.6ms)
  Rendered /usr/local/rvm/gems/ruby-2.0.0-p353/gems/actionpack-4.0.2/lib/action_dispatch/middleware/templates/rescues/_trace.erb (1.2ms)
  Rendered /usr/local/rvm/gems/ruby-2.0.0-p353/gems/actionpack-4.0.2/lib/action_dispatch/middleware/templates/rescues/_request_and_response.erb (1.0ms)
  Rendered /usr/local/rvm/gems/ruby-2.0.0-p353/gems/actionpack-4.0.2/lib/action_dispatch/middleware/templates/rescues/diagnostics.erb within rescues/layout (14.7ms)


Started GET "/" for 177.98.219.36 at 2014-09-15 05:33:36 -0300
Processing by Rails::WelcomeController#index as HTML
  Rendered /usr/local/rvm/gems/ruby-2.0.0-p353/gems/railties-4.0.2/lib/rails/templates/rails/welcome/index.html.erb (1.7ms)
Completed 200 OK in 30ms (Views: 18.9ms | ActiveRecord: 0.0ms)


Started GET "/" for 177.98.219.36 at 2014-09-15 05:48:09 -0300
Processing by Rails::WelcomeController#index as HTML
  Rendered /usr/local/rvm/gems/ruby-2.0.0-p353/gems/railties-4.0.2/lib/rails/templates/rails/welcome/index.html.erb (1.6ms)
Completed 200 OK in 19ms (Views: 8.1ms | ActiveRecord: 0.0ms)
  [1m[36m (10.7ms)[0m  [1mCREATE TABLE `schema_migrations` (`version` varchar(255) NOT NULL) ENGINE=InnoDB[0m
  [1m[35m (10.1ms)[0m  CREATE UNIQUE INDEX `unique_schema_migrations` ON `schema_migrations` (`version`) 
  [1m[36mActiveRecord::SchemaMigration Load (0.3ms)[0m  [1mSELECT `schema_migrations`.* FROM `schema_migrations`[0m
Migrating to CreateConvenios (20140915224240)
  [1m[35m (3.3ms)[0m  CREATE TABLE `convenios` (`id` int(11) DEFAULT NULL auto_increment PRIMARY KEY, `nome` varchar(255), `tipo` varchar(255), `urllogo` varchar(255), `site` varchar(255), `datalimitefaturamento` date, `faturamentomedio` decimal(8,2), `ultimofaturamento` decimal(8,2), `qtdpacientes` int(11), `created_at` datetime, `updated_at` datetime) ENGINE=InnoDB
  [1m[36m (0.2ms)[0m  [1mBEGIN[0m
  [1m[35mSQL (1.4ms)[0m  INSERT INTO `schema_migrations` (`version`) VALUES ('20140915224240')
  [1m[36m (1.4ms)[0m  [1mCOMMIT[0m
  [1m[35mActiveRecord::SchemaMigration Load (0.2ms)[0m  SELECT `schema_migrations`.* FROM `schema_migrations`
  [1m[36mActiveRecord::SchemaMigration Load (0.2ms)[0m  [1mSELECT `schema_migrations`.* FROM `schema_migrations`[0m
Migrating to CreateContatos (20140915225406)
  [1m[35m (2.7ms)[0m  CREATE TABLE `contatos` (`id` int(11) DEFAULT NULL auto_increment PRIMARY KEY, `nome` varchar(255), `funcao` varchar(255), `telefone` varchar(255), `celular` varchar(255), `email` varchar(255), `donocontato_id` int(11), `donocontato_type` varchar(255), `created_at` datetime, `updated_at` datetime) ENGINE=InnoDB
  [1m[36m (7.1ms)[0m  [1mCREATE INDEX `index_contatos_on_donocontato_id_and_donocontato_type` ON `contatos` (`donocontato_id`, `donocontato_type`) [0m
  [1m[35m (0.3ms)[0m  BEGIN
  [1m[36mSQL (0.4ms)[0m  [1mINSERT INTO `schema_migrations` (`version`) VALUES ('20140915225406')[0m
  [1m[35m (4.1ms)[0m  COMMIT
  [1m[36mActiveRecord::SchemaMigration Load (0.3ms)[0m  [1mSELECT `schema_migrations`.* FROM `schema_migrations`[0m
  [1m[36mActiveRecord::SchemaMigration Load (0.2ms)[0m  [1mSELECT `schema_migrations`.* FROM `schema_migrations`[0m
Migrating to CreateEnderecos (20140915225720)
  [1m[35m (3.0ms)[0m  CREATE TABLE `enderecos` (`id` int(11) DEFAULT NULL auto_increment PRIMARY KEY, `nome` varchar(255), `rua` varchar(255), `numero` varchar(255), `complemento` varchar(255), `CEP` varchar(255), `cidade` varchar(255), `estado` varchar(255), `donoendereco_id` int(11), `donoendereco_type` varchar(255), `created_at` datetime, `updated_at` datetime) ENGINE=InnoDB
  [1m[36m (5.8ms)[0m  [1mCREATE INDEX `index_enderecos_on_donoendereco_id_and_donoendereco_type` ON `enderecos` (`donoendereco_id`, `donoendereco_type`) [0m
  [1m[35m (0.1ms)[0m  BEGIN
  [1m[36mSQL (0.3ms)[0m  [1mINSERT INTO `schema_migrations` (`version`) VALUES ('20140915225720')[0m
  [1m[35m (1.0ms)[0m  COMMIT
  [1m[36mActiveRecord::SchemaMigration Load (0.3ms)[0m  [1mSELECT `schema_migrations`.* FROM `schema_migrations`[0m
  [1m[36mActiveRecord::SchemaMigration Load (0.1ms)[0m  [1mSELECT `schema_migrations`.* FROM `schema_migrations`[0m
  [1m[35mActiveRecord::SchemaMigration Load (0.1ms)[0m  SELECT `schema_migrations`.* FROM `schema_migrations`
  [1m[36mActiveRecord::SchemaMigration Load (0.2ms)[0m  [1mSELECT `schema_migrations`.* FROM `schema_migrations`[0m
Migrating to CreateHospitals (20140915230343)
  [1m[35m (2.9ms)[0m  CREATE TABLE `hospitals` (`id` int(11) DEFAULT NULL auto_increment PRIMARY KEY, `nome` varchar(255), `diasprontuario` int(11), `created_at` datetime, `updated_at` datetime) ENGINE=InnoDB
  [1m[36m (0.1ms)[0m  [1mBEGIN[0m
  [1m[35mSQL (0.3ms)[0m  INSERT INTO `schema_migrations` (`version`) VALUES ('20140915230343')
  [1m[36m (1.4ms)[0m  [1mCOMMIT[0m
  [1m[35mActiveRecord::SchemaMigration Load (0.3ms)[0m  SELECT `schema_migrations`.* FROM `schema_migrations`
  [1m[36mActiveRecord::SchemaMigration Load (0.1ms)[0m  [1mSELECT `schema_migrations`.* FROM `schema_migrations`[0m
Migrating to CreatePacientes (20140915231222)
  [1m[35m (13.8ms)[0m  CREATE TABLE `pacientes` (`id` int(11) DEFAULT NULL auto_increment PRIMARY KEY, `nome` varchar(255), `convenio_id` int(11), `carteiranumero` varchar(255), `idade` date, `peso` decimal(8,2), `altura` decimal(8,2), `iskid` tinyint(1), `created_at` datetime, `updated_at` datetime) ENGINE=InnoDB
  [1m[36m (11.7ms)[0m  [1mCREATE INDEX `index_pacientes_on_convenio_id` ON `pacientes` (`convenio_id`) [0m
  [1m[35m (0.2ms)[0m  BEGIN
  [1m[36mSQL (0.3ms)[0m  [1mINSERT INTO `schema_migrations` (`version`) VALUES ('20140915231222')[0m
  [1m[35m (1.0ms)[0m  COMMIT
  [1m[36mActiveRecord::SchemaMigration Load (0.2ms)[0m  [1mSELECT `schema_migrations`.* FROM `schema_migrations`[0m
  [1m[36mActiveRecord::SchemaMigration Load (0.2ms)[0m  [1mSELECT `schema_migrations`.* FROM `schema_migrations`[0m
Migrating to CreateInternacaos (20140915233116)
  [1m[36mActiveRecord::SchemaMigration Load (0.2ms)[0m  [1mSELECT `schema_migrations`.* FROM `schema_migrations`[0m
Migrating to CreateInternacaos (20140915233116)
  [1m[35m (6.9ms)[0m  CREATE TABLE `internacaos` (`id` int(11) DEFAULT NULL auto_increment PRIMARY KEY, `gih` varchar(255), `validade` date, `leito` varchar(255), `hospital_id` int(11), `paciente_id` int(11), `created_at` datetime, `updated_at` datetime) ENGINE=InnoDB
  [1m[36m (0.1ms)[0m  [1mBEGIN[0m
  [1m[35mSQL (0.3ms)[0m  INSERT INTO `schema_migrations` (`version`) VALUES ('20140915233116')
  [1m[36m (0.9ms)[0m  [1mCOMMIT[0m
  [1m[35mActiveRecord::SchemaMigration Load (0.3ms)[0m  SELECT `schema_migrations`.* FROM `schema_migrations`
  [1m[36mActiveRecord::SchemaMigration Load (0.1ms)[0m  [1mSELECT `schema_migrations`.* FROM `schema_migrations`[0m
Migrating to CreatePrescricaones (20140915233540)
  [1m[35m (2.9ms)[0m  CREATE TABLE `prescricaones` (`id` int(11) DEFAULT NULL auto_increment PRIMARY KEY, `data` date, `custo` decimal(8,8), `valorfaturado` decimal(8,8), `paciente_id` int(11), `internacao_id` int(11), `nutricionista` varchar(255), `equipo` varchar(255), `autorizacaourl` varchar(255), `contamedicaurl` varchar(255), `checagemurl` varchar(255), `entregaurl` varchar(255), `motoqueiro` varchar(255), `created_at` datetime, `updated_at` datetime) ENGINE=InnoDB
  [1m[36m (9.9ms)[0m  [1mCREATE INDEX `index_prescricaones_on_paciente_id` ON `prescricaones` (`paciente_id`) [0m
  [1m[35m (6.3ms)[0m  CREATE INDEX `index_prescricaones_on_internacao_id` ON `prescricaones` (`internacao_id`) 
  [1m[36m (0.3ms)[0m  [1mBEGIN[0m
  [1m[35mSQL (0.4ms)[0m  INSERT INTO `schema_migrations` (`version`) VALUES ('20140915233540')
  [1m[36m (1.0ms)[0m  [1mCOMMIT[0m
  [1m[35mActiveRecord::SchemaMigration Load (0.2ms)[0m  SELECT `schema_migrations`.* FROM `schema_migrations`
  [1m[36mActiveRecord::SchemaMigration Load (0.2ms)[0m  [1mSELECT `schema_migrations`.* FROM `schema_migrations`[0m
Migrating to CreateEtapanes (20140915233745)
  [1m[35m (3.5ms)[0m  CREATE TABLE `etapanes` (`id` int(11) DEFAULT NULL auto_increment PRIMARY KEY, `qtd` varchar(255), `volume` varchar(255), `created_at` datetime, `updated_at` datetime) ENGINE=InnoDB
  [1m[36m (0.1ms)[0m  [1mBEGIN[0m
  [1m[35mSQL (0.3ms)[0m  INSERT INTO `schema_migrations` (`version`) VALUES ('20140915233745')
  [1m[36m (1.4ms)[0m  [1mCOMMIT[0m
  [1m[35mActiveRecord::SchemaMigration Load (0.3ms)[0m  SELECT `schema_migrations`.* FROM `schema_migrations`
  [1m[36mActiveRecord::SchemaMigration Load (0.1ms)[0m  [1mSELECT `schema_migrations`.* FROM `schema_migrations`[0m
Migrating to CreateFabricantes (20140915233955)
  [1m[35m (3.8ms)[0m  CREATE TABLE `fabricantes` (`id` int(11) DEFAULT NULL auto_increment PRIMARY KEY, `nome` varchar(255), `created_at` datetime, `updated_at` datetime) ENGINE=InnoDB
  [1m[36m (0.1ms)[0m  [1mBEGIN[0m
  [1m[35mSQL (0.3ms)[0m  INSERT INTO `schema_migrations` (`version`) VALUES ('20140915233955')
  [1m[36m (0.9ms)[0m  [1mCOMMIT[0m
Migrating to CreateTipoprodutos (20140915234015)
  [1m[35m (2.2ms)[0m  CREATE TABLE `tipoprodutos` (`id` int(11) DEFAULT NULL auto_increment PRIMARY KEY, `nome` varchar(255), `descricao` varchar(255), `created_at` datetime, `updated_at` datetime) ENGINE=InnoDB
  [1m[36m (0.1ms)[0m  [1mBEGIN[0m
  [1m[35mSQL (0.2ms)[0m  INSERT INTO `schema_migrations` (`version`) VALUES ('20140915234015')
  [1m[36m (0.7ms)[0m  [1mCOMMIT[0m
Migrating to CreateProdutos (20140915234048)
  [1m[35m (1.9ms)[0m  CREATE TABLE `produtos` (`id` int(11) DEFAULT NULL auto_increment PRIMARY KEY, `nome` varchar(255), `custo` varchar(255), `fabricante_id` int(11), `tipoproduto_id` int(11), `created_at` datetime, `updated_at` datetime) ENGINE=InnoDB
  [1m[36m (10.9ms)[0m  [1mCREATE INDEX `index_produtos_on_fabricante_id` ON `produtos` (`fabricante_id`) [0m
  [1m[35m (7.1ms)[0m  CREATE INDEX `index_produtos_on_tipoproduto_id` ON `produtos` (`tipoproduto_id`) 
  [1m[36m (0.2ms)[0m  [1mBEGIN[0m
  [1m[35mSQL (0.2ms)[0m  INSERT INTO `schema_migrations` (`version`) VALUES ('20140915234048')
  [1m[36m (0.3ms)[0m  [1mCOMMIT[0m
  [1m[35mActiveRecord::SchemaMigration Load (0.2ms)[0m  SELECT `schema_migrations`.* FROM `schema_migrations`
  [1m[36mActiveRecord::SchemaMigration Load (0.2ms)[0m  [1mSELECT `schema_migrations`.* FROM `schema_migrations`[0m
Migrating to CreateLinhaetapanes (20140915234556)
  [1m[35m (3.5ms)[0m  CREATE TABLE `linhaetapanes` (`id` int(11) DEFAULT NULL auto_increment PRIMARY KEY, `produto` varchar(255), `qtd` decimal(8,4), `custo` decimal(8,8), `created_at` datetime, `updated_at` datetime) ENGINE=InnoDB
  [1m[36m (0.1ms)[0m  [1mBEGIN[0m
  [1m[35mSQL (0.3ms)[0m  INSERT INTO `schema_migrations` (`version`) VALUES ('20140915234556')
  [1m[36m (0.9ms)[0m  [1mCOMMIT[0m
  [1m[35mActiveRecord::SchemaMigration Load (0.2ms)[0m  SELECT `schema_migrations`.* FROM `schema_migrations`


Started GET "/prescricaones" for 177.134.135.49 at 2014-09-17 10:32:24 -0300
  [1m[36mActiveRecord::SchemaMigration Load (0.2ms)[0m  [1mSELECT `schema_migrations`.* FROM `schema_migrations`[0m
Processing by PrescricaonesController#index as HTML
  [1m[35mPrescricaone Load (0.6ms)[0m  SELECT `prescricaones`.* FROM `prescricaones`
  Rendered prescricaones/index.html.slim within layouts/application (32.6ms)
Completed 200 OK in 1648ms (Views: 1598.3ms | ActiveRecord: 0.6ms)


Started GET "/assets/twitter-bootstrap-static/bootstrap.css?body=1" for 177.134.135.49 at 2014-09-17 10:32:26 -0300


Started GET "/assets/twitter-bootstrap-static/fontawesome.css?body=1" for 177.134.135.49 at 2014-09-17 10:32:26 -0300


Started GET "/assets/application.css?body=1" for 177.134.135.49 at 2014-09-17 10:32:26 -0300


Started GET "/assets/bootstrap_and_overrides.css?body=1" for 177.134.135.49 at 2014-09-17 10:32:26 -0300


Started GET "/assets/pacientes.css?body=1" for 177.134.135.49 at 2014-09-17 10:32:26 -0300


Started GET "/assets/prescricaones.css?body=1" for 177.134.135.49 at 2014-09-17 10:32:26 -0300


Started GET "/assets/produtos.css?body=1" for 177.134.135.49 at 2014-09-17 10:32:26 -0300


Started GET "/assets/scaffolds.css?body=1" for 177.134.135.49 at 2014-09-17 10:32:26 -0300


Started GET "/assets/jquery.js?body=1" for 177.134.135.49 at 2014-09-17 10:32:26 -0300


Started GET "/assets/jquery_ujs.js?body=1" for 177.134.135.49 at 2014-09-17 10:32:26 -0300


Started GET "/assets/twitter/bootstrap/bootstrap-transition.js?body=1" for 177.134.135.49 at 2014-09-17 10:32:26 -0300


Started GET "/assets/twitter/bootstrap/bootstrap-scrollspy.js?body=1" for 177.134.135.49 at 2014-09-17 10:32:26 -0300


Started GET "/assets/twitter/bootstrap/bootstrap-alert.js?body=1" for 177.134.135.49 at 2014-09-17 10:32:27 -0300


Started GET "/assets/twitter/bootstrap/bootstrap-dropdown.js?body=1" for 177.134.135.49 at 2014-09-17 10:32:27 -0300


Started GET "/assets/twitter/bootstrap/bootstrap-tab.js?body=1" for 177.134.135.49 at 2014-09-17 10:32:27 -0300


Started GET "/assets/twitter/bootstrap/bootstrap-button.js?body=1" for 177.134.135.49 at 2014-09-17 10:32:27 -0300


Started GET "/assets/twitter/bootstrap/bootstrap-collapse.js?body=1" for 177.134.135.49 at 2014-09-17 10:32:27 -0300


Started GET "/assets/twitter/bootstrap/bootstrap-carousel.js?body=1" for 177.134.135.49 at 2014-09-17 10:32:27 -0300


Started GET "/assets/twitter/bootstrap/bootstrap-typeahead.js?body=1" for 177.134.135.49 at 2014-09-17 10:32:27 -0300


Started GET "/assets/twitter/bootstrap/bootstrap-popover.js?body=1" for 177.134.135.49 at 2014-09-17 10:32:27 -0300


Started GET "/assets/turbolinks.js?body=1" for 177.134.135.49 at 2014-09-17 10:32:27 -0300


Started GET "/assets/twitter/bootstrap/bootstrap-affix.js?body=1" for 177.134.135.49 at 2014-09-17 10:32:27 -0300


Started GET "/assets/twitter/bootstrap/bootstrap-tooltip.js?body=1" for 177.134.135.49 at 2014-09-17 10:32:27 -0300


Started GET "/assets/bootstrap.js?body=1" for 177.134.135.49 at 2014-09-17 10:32:27 -0300


Started GET "/assets/produtos.js?body=1" for 177.134.135.49 at 2014-09-17 10:32:27 -0300


Started GET "/assets/application.js?body=1" for 177.134.135.49 at 2014-09-17 10:32:27 -0300


Started GET "/assets/twitter/bootstrap.js?body=1" for 177.134.135.49 at 2014-09-17 10:32:27 -0300


Started GET "/assets/pacientes.js?body=1" for 177.134.135.49 at 2014-09-17 10:32:27 -0300


Started GET "/assets/twitter/bootstrap/bootstrap-modal.js?body=1" for 177.134.135.49 at 2014-09-17 10:32:27 -0300


Started GET "/assets/prescricaones.js?body=1" for 177.134.135.49 at 2014-09-17 10:32:27 -0300


Started GET "/images/favicon.ico" for 177.134.135.49 at 2014-09-17 10:32:28 -0300

ActionController::RoutingError (No route matches [GET] "/images/favicon.ico"):
  actionpack (4.0.2) lib/action_dispatch/middleware/debug_exceptions.rb:21:in `call'
  actionpack (4.0.2) lib/action_dispatch/middleware/show_exceptions.rb:30:in `call'
  railties (4.0.2) lib/rails/rack/logger.rb:38:in `call_app'
  railties (4.0.2) lib/rails/rack/logger.rb:20:in `block in call'
  activesupport (4.0.2) lib/active_support/tagged_logging.rb:67:in `block in tagged'
  activesupport (4.0.2) lib/active_support/tagged_logging.rb:25:in `tagged'
  activesupport (4.0.2) lib/active_support/tagged_logging.rb:67:in `tagged'
  railties (4.0.2) lib/rails/rack/logger.rb:20:in `call'
  actionpack (4.0.2) lib/action_dispatch/middleware/request_id.rb:21:in `call'
  rack (1.5.2) lib/rack/methodoverride.rb:21:in `call'
  rack (1.5.2) lib/rack/runtime.rb:17:in `call'
  activesupport (4.0.2) lib/active_support/cache/strategy/local_cache.rb:83:in `call'
  rack (1.5.2) lib/rack/lock.rb:17:in `call'
  actionpack (4.0.2) lib/action_dispatch/middleware/static.rb:64:in `call'
  rack (1.5.2) lib/rack/sendfile.rb:112:in `call'
  railties (4.0.2) lib/rails/engine.rb:511:in `call'
  railties (4.0.2) lib/rails/application.rb:97:in `call'
  rack (1.5.2) lib/rack/lock.rb:17:in `call'
  rack (1.5.2) lib/rack/content_length.rb:14:in `call'
  rack (1.5.2) lib/rack/handler/webrick.rb:60:in `service'
  /usr/local/rvm/rubies/ruby-2.0.0-p353/lib/ruby/2.0.0/webrick/httpserver.rb:138:in `service'
  /usr/local/rvm/rubies/ruby-2.0.0-p353/lib/ruby/2.0.0/webrick/httpserver.rb:94:in `run'
  /usr/local/rvm/rubies/ruby-2.0.0-p353/lib/ruby/2.0.0/webrick/server.rb:295:in `block in start_thread'


  Rendered /usr/local/rvm/gems/ruby-2.0.0-p353/gems/actionpack-4.0.2/lib/action_dispatch/middleware/templates/rescues/_trace.erb (1.7ms)
  Rendered /usr/local/rvm/gems/ruby-2.0.0-p353/gems/actionpack-4.0.2/lib/action_dispatch/middleware/templates/routes/_route.html.erb (2.9ms)
  Rendered /usr/local/rvm/gems/ruby-2.0.0-p353/gems/actionpack-4.0.2/lib/action_dispatch/middleware/templates/routes/_table.html.erb (5.2ms)
  Rendered /usr/local/rvm/gems/ruby-2.0.0-p353/gems/actionpack-4.0.2/lib/action_dispatch/middleware/templates/rescues/routing_error.erb within rescues/layout (38.8ms)


Started GET "/" for 177.134.135.49 at 2014-09-17 10:32:33 -0300
Processing by Rails::WelcomeController#index as HTML
  Rendered /usr/local/rvm/gems/ruby-2.0.0-p353/gems/railties-4.0.2/lib/rails/templates/rails/welcome/index.html.erb (0.9ms)
Completed 200 OK in 5ms (Views: 3.7ms | ActiveRecord: 0.0ms)


Started GET "/" for 179.180.229.166 at 2014-09-17 10:45:17 -0300
  [1m[36mActiveRecord::SchemaMigration Load (0.5ms)[0m  [1mSELECT `schema_migrations`.* FROM `schema_migrations`[0m
Processing by WelcomeController#index as HTML
  Rendered welcome/index.html.slim within layouts/application (14.9ms)
Completed 200 OK in 578ms (Views: 567.5ms | ActiveRecord: 0.0ms)


Started GET "/assets/welcome.css?body=1" for 179.180.229.166 at 2014-09-17 10:45:18 -0300


Started GET "/assets/application.css?body=1" for 179.180.229.166 at 2014-09-17 10:45:18 -0300


Started GET "/assets/twitter-bootstrap-static/bootstrap.css?body=1" for 179.180.229.166 at 2014-09-17 10:45:18 -0300


Started GET "/assets/twitter-bootstrap-static/fontawesome.css?body=1" for 179.180.229.166 at 2014-09-17 10:45:18 -0300


Started GET "/assets/bootstrap_and_overrides.css?body=1" for 179.180.229.166 at 2014-09-17 10:45:18 -0300


Started GET "/assets/pacientes.css?body=1" for 179.180.229.166 at 2014-09-17 10:45:18 -0300


Started GET "/assets/prescricaones.css?body=1" for 179.180.229.166 at 2014-09-17 10:45:18 -0300


Started GET "/assets/produtos.css?body=1" for 179.180.229.166 at 2014-09-17 10:45:18 -0300


Started GET "/assets/scaffolds.css?body=1" for 179.180.229.166 at 2014-09-17 10:45:18 -0300


Started GET "/assets/welcome.js?body=1" for 179.180.229.166 at 2014-09-17 10:45:18 -0300


Started GET "/assets/jquery.js?body=1" for 179.180.229.166 at 2014-09-17 10:45:18 -0300


Started GET "/assets/jquery_ujs.js?body=1" for 179.180.229.166 at 2014-09-17 10:45:18 -0300


Started GET "/assets/twitter/bootstrap/bootstrap-transition.js?body=1" for 179.180.229.166 at 2014-09-17 10:45:18 -0300


Started GET "/assets/twitter/bootstrap/bootstrap-alert.js?body=1" for 179.180.229.166 at 2014-09-17 10:45:18 -0300


Started GET "/assets/twitter/bootstrap/bootstrap-modal.js?body=1" for 179.180.229.166 at 2014-09-17 10:45:18 -0300


Started GET "/assets/twitter/bootstrap/bootstrap-dropdown.js?body=1" for 179.180.229.166 at 2014-09-17 10:45:19 -0300


Started GET "/assets/twitter/bootstrap/bootstrap-scrollspy.js?body=1" for 179.180.229.166 at 2014-09-17 10:45:19 -0300


Started GET "/assets/twitter/bootstrap/bootstrap-tab.js?body=1" for 179.180.229.166 at 2014-09-17 10:45:19 -0300


Started GET "/assets/twitter/bootstrap/bootstrap-tooltip.js?body=1" for 179.180.229.166 at 2014-09-17 10:45:19 -0300


Started GET "/assets/twitter/bootstrap/bootstrap-popover.js?body=1" for 179.180.229.166 at 2014-09-17 10:45:19 -0300


Started GET "/assets/twitter/bootstrap/bootstrap-button.js?body=1" for 179.180.229.166 at 2014-09-17 10:45:19 -0300


Started GET "/assets/twitter/bootstrap/bootstrap-collapse.js?body=1" for 179.180.229.166 at 2014-09-17 10:45:19 -0300


Started GET "/assets/twitter/bootstrap/bootstrap-carousel.js?body=1" for 179.180.229.166 at 2014-09-17 10:45:19 -0300


Started GET "/assets/twitter/bootstrap/bootstrap-typeahead.js?body=1" for 179.180.229.166 at 2014-09-17 10:45:19 -0300


Started GET "/assets/twitter/bootstrap/bootstrap-affix.js?body=1" for 179.180.229.166 at 2014-09-17 10:45:19 -0300


Started GET "/assets/twitter/bootstrap.js?body=1" for 179.180.229.166 at 2014-09-17 10:45:19 -0300


Started GET "/assets/turbolinks.js?body=1" for 179.180.229.166 at 2014-09-17 10:45:19 -0300


Started GET "/assets/bootstrap.js?body=1" for 179.180.229.166 at 2014-09-17 10:45:19 -0300


Started GET "/assets/pacientes.js?body=1" for 179.180.229.166 at 2014-09-17 10:45:19 -0300


Started GET "/assets/prescricaones.js?body=1" for 179.180.229.166 at 2014-09-17 10:45:19 -0300


Started GET "/assets/produtos.js?body=1" for 179.180.229.166 at 2014-09-17 10:45:19 -0300


Started GET "/assets/application.js?body=1" for 179.180.229.166 at 2014-09-17 10:45:19 -0300


Started GET "/" for 179.180.229.166 at 2014-09-17 10:47:03 -0300
Processing by WelcomeController#index as HTML
  Rendered welcome/index.html.slim within layouts/application (0.1ms)
Completed 200 OK in 64ms (Views: 62.8ms | ActiveRecord: 0.0ms)


Started GET "/assets/application.css?body=1" for 179.180.229.166 at 2014-09-17 10:47:03 -0300


Started GET "/assets/twitter-bootstrap-static/bootstrap.css?body=1" for 179.180.229.166 at 2014-09-17 10:47:03 -0300


Started GET "/assets/twitter-bootstrap-static/fontawesome.css?body=1" for 179.180.229.166 at 2014-09-17 10:47:03 -0300


Started GET "/assets/bootstrap_and_overrides.css?body=1" for 179.180.229.166 at 2014-09-17 10:47:03 -0300


Started GET "/assets/pacientes.css?body=1" for 179.180.229.166 at 2014-09-17 10:47:03 -0300


Started GET "/assets/prescricaones.css?body=1" for 179.180.229.166 at 2014-09-17 10:47:03 -0300


Started GET "/assets/produtos.css?body=1" for 179.180.229.166 at 2014-09-17 10:47:03 -0300


Started GET "/assets/scaffolds.css?body=1" for 179.180.229.166 at 2014-09-17 10:47:03 -0300


Started GET "/assets/welcome.css?body=1" for 179.180.229.166 at 2014-09-17 10:47:03 -0300


Started GET "/assets/jquery.js?body=1" for 179.180.229.166 at 2014-09-17 10:47:03 -0300


Started GET "/assets/jquery_ujs.js?body=1" for 179.180.229.166 at 2014-09-17 10:47:03 -0300


Started GET "/assets/twitter/bootstrap/bootstrap-transition.js?body=1" for 179.180.229.166 at 2014-09-17 10:47:03 -0300


Started GET "/assets/twitter/bootstrap/bootstrap-alert.js?body=1" for 179.180.229.166 at 2014-09-17 10:47:03 -0300


Started GET "/assets/twitter/bootstrap/bootstrap-modal.js?body=1" for 179.180.229.166 at 2014-09-17 10:47:03 -0300


Started GET "/assets/twitter/bootstrap/bootstrap-dropdown.js?body=1" for 179.180.229.166 at 2014-09-17 10:47:03 -0300


Started GET "/assets/twitter/bootstrap/bootstrap-scrollspy.js?body=1" for 179.180.229.166 at 2014-09-17 10:47:03 -0300


Started GET "/assets/twitter/bootstrap/bootstrap-tab.js?body=1" for 179.180.229.166 at 2014-09-17 10:47:03 -0300


Started GET "/assets/twitter/bootstrap/bootstrap-tooltip.js?body=1" for 179.180.229.166 at 2014-09-17 10:47:03 -0300


Started GET "/assets/twitter/bootstrap/bootstrap-popover.js?body=1" for 179.180.229.166 at 2014-09-17 10:47:03 -0300


Started GET "/assets/twitter/bootstrap/bootstrap-button.js?body=1" for 179.180.229.166 at 2014-09-17 10:47:03 -0300


Started GET "/assets/twitter/bootstrap/bootstrap-collapse.js?body=1" for 179.180.229.166 at 2014-09-17 10:47:03 -0300


Started GET "/assets/twitter/bootstrap/bootstrap-carousel.js?body=1" for 179.180.229.166 at 2014-09-17 10:47:03 -0300


Started GET "/assets/twitter/bootstrap/bootstrap-typeahead.js?body=1" for 179.180.229.166 at 2014-09-17 10:47:03 -0300


Started GET "/assets/twitter/bootstrap/bootstrap-affix.js?body=1" for 179.180.229.166 at 2014-09-17 10:47:04 -0300


Started GET "/assets/twitter/bootstrap.js?body=1" for 179.180.229.166 at 2014-09-17 10:47:04 -0300


Started GET "/assets/turbolinks.js?body=1" for 179.180.229.166 at 2014-09-17 10:47:04 -0300


Started GET "/assets/bootstrap.js?body=1" for 179.180.229.166 at 2014-09-17 10:47:04 -0300


Started GET "/assets/pacientes.js?body=1" for 179.180.229.166 at 2014-09-17 10:47:04 -0300


Started GET "/assets/prescricaones.js?body=1" for 179.180.229.166 at 2014-09-17 10:47:04 -0300


Started GET "/assets/welcome.js?body=1" for 179.180.229.166 at 2014-09-17 10:47:04 -0300


Started GET "/assets/application.js?body=1" for 179.180.229.166 at 2014-09-17 10:47:04 -0300


Started GET "/assets/produtos.js?body=1" for 179.180.229.166 at 2014-09-17 10:47:04 -0300


Started GET "/" for 179.180.229.166 at 2014-09-17 11:43:06 -0300
  [1m[36mActiveRecord::SchemaMigration Load (0.6ms)[0m  [1mSELECT `schema_migrations`.* FROM `schema_migrations`[0m
Processing by WelcomeController#index as HTML
  Rendered welcome/index.html.slim within layouts/application (16.6ms)
Completed 200 OK in 341ms (Views: 329.3ms | ActiveRecord: 0.0ms)


Started GET "/assets/application.css?body=1" for 179.180.229.166 at 2014-09-17 11:43:07 -0300


Started GET "/assets/twitter-bootstrap-static/bootstrap.css?body=1" for 179.180.229.166 at 2014-09-17 11:43:07 -0300


Started GET "/assets/twitter-bootstrap-static/fontawesome.css?body=1" for 179.180.229.166 at 2014-09-17 11:43:07 -0300


Started GET "/assets/bootstrap_and_overrides.css?body=1" for 179.180.229.166 at 2014-09-17 11:43:07 -0300


Started GET "/assets/pacientes.css?body=1" for 179.180.229.166 at 2014-09-17 11:43:07 -0300


Started GET "/assets/prescricaones.css?body=1" for 179.180.229.166 at 2014-09-17 11:43:07 -0300


Started GET "/assets/produtos.css?body=1" for 179.180.229.166 at 2014-09-17 11:43:07 -0300


Started GET "/assets/scaffolds.css?body=1" for 179.180.229.166 at 2014-09-17 11:43:07 -0300


Started GET "/assets/welcome.css?body=1" for 179.180.229.166 at 2014-09-17 11:43:07 -0300


Started GET "/assets/jquery.js?body=1" for 179.180.229.166 at 2014-09-17 11:43:07 -0300


Started GET "/assets/jquery_ujs.js?body=1" for 179.180.229.166 at 2014-09-17 11:43:07 -0300


Started GET "/assets/twitter/bootstrap/bootstrap-transition.js?body=1" for 179.180.229.166 at 2014-09-17 11:43:07 -0300


Started GET "/assets/twitter/bootstrap/bootstrap-alert.js?body=1" for 179.180.229.166 at 2014-09-17 11:43:07 -0300


Started GET "/assets/twitter/bootstrap/bootstrap-modal.js?body=1" for 179.180.229.166 at 2014-09-17 11:43:07 -0300


Started GET "/assets/twitter/bootstrap/bootstrap-dropdown.js?body=1" for 179.180.229.166 at 2014-09-17 11:43:08 -0300


Started GET "/assets/twitter/bootstrap/bootstrap-scrollspy.js?body=1" for 179.180.229.166 at 2014-09-17 11:43:08 -0300


Started GET "/assets/twitter/bootstrap/bootstrap-tab.js?body=1" for 179.180.229.166 at 2014-09-17 11:43:08 -0300


Started GET "/assets/twitter/bootstrap/bootstrap-tooltip.js?body=1" for 179.180.229.166 at 2014-09-17 11:43:08 -0300


Started GET "/assets/twitter/bootstrap/bootstrap-popover.js?body=1" for 179.180.229.166 at 2014-09-17 11:43:08 -0300


Started GET "/assets/twitter/bootstrap/bootstrap-button.js?body=1" for 179.180.229.166 at 2014-09-17 11:43:08 -0300


Started GET "/assets/twitter/bootstrap/bootstrap-collapse.js?body=1" for 179.180.229.166 at 2014-09-17 11:43:08 -0300


Started GET "/assets/twitter/bootstrap/bootstrap-carousel.js?body=1" for 179.180.229.166 at 2014-09-17 11:43:08 -0300


Started GET "/assets/twitter/bootstrap/bootstrap-typeahead.js?body=1" for 179.180.229.166 at 2014-09-17 11:43:08 -0300


Started GET "/assets/twitter/bootstrap/bootstrap-affix.js?body=1" for 179.180.229.166 at 2014-09-17 11:43:08 -0300


Started GET "/assets/twitter/bootstrap.js?body=1" for 179.180.229.166 at 2014-09-17 11:43:08 -0300


Started GET "/assets/turbolinks.js?body=1" for 179.180.229.166 at 2014-09-17 11:43:08 -0300


Started GET "/assets/bootstrap.js?body=1" for 179.180.229.166 at 2014-09-17 11:43:08 -0300


Started GET "/assets/pacientes.js?body=1" for 179.180.229.166 at 2014-09-17 11:43:08 -0300


Started GET "/assets/prescricaones.js?body=1" for 179.180.229.166 at 2014-09-17 11:43:08 -0300


Started GET "/assets/produtos.js?body=1" for 179.180.229.166 at 2014-09-17 11:43:08 -0300


Started GET "/assets/welcome.js?body=1" for 179.180.229.166 at 2014-09-17 11:43:08 -0300


Started GET "/assets/application.js?body=1" for 179.180.229.166 at 2014-09-17 11:43:08 -0300


Started GET "/assets/logonvtro.png" for 179.180.229.166 at 2014-09-17 11:43:08 -0300
  [1m[36mActiveRecord::SchemaMigration Load (0.2ms)[0m  [1mSELECT `schema_migrations`.* FROM `schema_migrations`[0m
Migrating to RemoveAutorizacaourlContamedicaurlChecagemurlEntregaurlFromPrescricaone (20140918134625)
  [1m[35m (16.0ms)[0m  ALTER TABLE `prescricaones` DROP `autorizacaourl`
  [1m[36m (4.6ms)[0m  [1mALTER TABLE `prescricaones` DROP `contamedicaurl`[0m
  [1m[35m (3.6ms)[0m  ALTER TABLE `prescricaones` DROP `checagemurl`
  [1m[36m (3.6ms)[0m  [1mALTER TABLE `prescricaones` DROP `entregaurl`[0m
  [1m[35m (0.5ms)[0m  BEGIN
  [1m[36mSQL (2.2ms)[0m  [1mINSERT INTO `schema_migrations` (`version`) VALUES ('20140918134625')[0m
  [1m[35m (0.9ms)[0m  COMMIT
  [1m[36mActiveRecord::SchemaMigration Load (0.3ms)[0m  [1mSELECT `schema_migrations`.* FROM `schema_migrations`[0m
  [1m[36mActiveRecord::SchemaMigration Load (0.2ms)[0m  [1mSELECT `schema_migrations`.* FROM `schema_migrations`[0m
Migrating to AddAttachmentAutorizacaoContamedicaChecagemEntregaToPrescricaones (20140918134910)
  [1m[35m (7.7ms)[0m  ALTER TABLE `prescricaones` ADD `autorizacao_file_name` varchar(255)
  [1m[36m (6.2ms)[0m  [1mALTER TABLE `prescricaones` ADD `autorizacao_content_type` varchar(255)[0m
  [1m[35m (9.4ms)[0m  ALTER TABLE `prescricaones` ADD `autorizacao_file_size` int(11)
  [1m[36m (5.1ms)[0m  [1mALTER TABLE `prescricaones` ADD `autorizacao_updated_at` datetime[0m
  [1m[35m (4.6ms)[0m  ALTER TABLE `prescricaones` ADD `contamedica_file_name` varchar(255)
  [1m[36m (5.9ms)[0m  [1mALTER TABLE `prescricaones` ADD `contamedica_content_type` varchar(255)[0m
  [1m[35m (6.6ms)[0m  ALTER TABLE `prescricaones` ADD `contamedica_file_size` int(11)
  [1m[36m (3.8ms)[0m  [1mALTER TABLE `prescricaones` ADD `contamedica_updated_at` datetime[0m
  [1m[35m (5.1ms)[0m  ALTER TABLE `prescricaones` ADD `checagem_file_name` varchar(255)
  [1m[36m (4.7ms)[0m  [1mALTER TABLE `prescricaones` ADD `checagem_content_type` varchar(255)[0m
  [1m[35m (4.2ms)[0m  ALTER TABLE `prescricaones` ADD `checagem_file_size` int(11)
  [1m[36m (3.7ms)[0m  [1mALTER TABLE `prescricaones` ADD `checagem_updated_at` datetime[0m
  [1m[35m (4.2ms)[0m  ALTER TABLE `prescricaones` ADD `entrega_file_name` varchar(255)
  [1m[36m (4.2ms)[0m  [1mALTER TABLE `prescricaones` ADD `entrega_content_type` varchar(255)[0m
  [1m[35m (3.6ms)[0m  ALTER TABLE `prescricaones` ADD `entrega_file_size` int(11)
  [1m[36m (3.7ms)[0m  [1mALTER TABLE `prescricaones` ADD `entrega_updated_at` datetime[0m
  [1m[35m (0.3ms)[0m  BEGIN
  [1m[36mSQL (1.1ms)[0m  [1mINSERT INTO `schema_migrations` (`version`) VALUES ('20140918134910')[0m
  [1m[35m (1.8ms)[0m  COMMIT
  [1m[36mActiveRecord::SchemaMigration Load (0.5ms)[0m  [1mSELECT `schema_migrations`.* FROM `schema_migrations`[0m
